
*** Running vivado
    with args -log top_module.vds -m64 -product Vivado -mode batch -messageDb vivado.pb -notrace -source top_module.tcl



****** Vivado v2022.2 (64-bit)
  **** SW Build 3671981 on Fri Oct 14 05:00:03 MDT 2022
  **** IP Build 3669848 on Fri Oct 14 08:30:02 MDT 2022
    ** Copyright 1986-2022 Xilinx, Inc. All Rights Reserved.

source top_module.tcl -notrace
create_project: Time (s): cpu = 00:00:07 ; elapsed = 00:00:07 . Memory (MB): peak = 382.332 ; gain = 67.824
Command: read_checkpoint -auto_incremental -incremental C:/Users/vikto/Experiments/Lab03Ex02/Lab03Ex02.srcs/utils_1/imports/synth_1/top_module.dcp
INFO: [Vivado 12-5825] Read reference checkpoint from C:/Users/vikto/Experiments/Lab03Ex02/Lab03Ex02.srcs/utils_1/imports/synth_1/top_module.dcp for incremental synthesis
INFO: [Vivado 12-7989] Please ensure there are no constraint changes
Command: synth_design -top top_module -part xc7a100tcsg324-1
Starting synth_design
Attempting to get a license for feature 'Synthesis' and/or device 'xc7a100t'
INFO: [Common 17-349] Got license for feature 'Synthesis' and/or device 'xc7a100t'
INFO: [Device 21-403] Loading part xc7a100tcsg324-1
INFO: [Designutils 20-5440] No compile time benefit to using incremental synthesis; A full resynthesis will be run
INFO: [Designutils 20-4379] Flow is switching to default flow due to incremental criteria not met. If you would like to alter this behaviour and have the flow terminate instead, please set the following parameter config_implementation {autoIncr.Synth.RejectBehavior Terminate}
INFO: [Synth 8-7079] Multithreading enabled for synth_design using a maximum of 2 processes.
INFO: [Synth 8-7078] Launching helper process for spawning children vivado processes
INFO: [Synth 8-7075] Helper process launched with PID 5656
INFO: [Synth 8-11241] undeclared symbol 'REGCCE', assumed default net type 'wire' [C:/Xilinx/Vivado/2022.2/data/verilog/src/unimacro/BRAM_SINGLE_MACRO.v:2170]
---------------------------------------------------------------------------------
Starting RTL Elaboration : Time (s): cpu = 00:00:10 ; elapsed = 00:00:12 . Memory (MB): peak = 1209.223 ; gain = 407.594
---------------------------------------------------------------------------------
INFO: [Synth 8-638] synthesizing module 'top_module' [C:/Users/vikto/Experiments/Lab03Ex02/Lab03Ex02.srcs/sources_1/new/top_module.vhd:44]
	Parameter limit bound to: 500000 - type: integer 
INFO: [Synth 8-3491] module 'clk_divider' declared at 'C:/Users/vikto/Experiments/Lab03Ex02/Lab03Ex02.srcs/sources_1/imports/Reusables/clk_divider.vhd:5' bound to instance 'CLK100Hz' of component 'clk_divider' [C:/Users/vikto/Experiments/Lab03Ex02/Lab03Ex02.srcs/sources_1/new/top_module.vhd:100]
INFO: [Synth 8-638] synthesizing module 'clk_divider' [C:/Users/vikto/Experiments/Lab03Ex02/Lab03Ex02.srcs/sources_1/imports/Reusables/clk_divider.vhd:12]
	Parameter limit bound to: 500000 - type: integer 
INFO: [Synth 8-256] done synthesizing module 'clk_divider' (0#1) [C:/Users/vikto/Experiments/Lab03Ex02/Lab03Ex02.srcs/sources_1/imports/Reusables/clk_divider.vhd:12]
INFO: [Synth 8-3491] module 'decoder_4bit_to_7seg' declared at 'C:/Users/vikto/Experiments/Lab03Ex02/Lab03Ex02.srcs/sources_1/imports/Reusables/decoder_4bit_to_7seg.vhd:5' bound to instance 'DECODER' of component 'decoder_4bit_to_7seg' [C:/Users/vikto/Experiments/Lab03Ex02/Lab03Ex02.srcs/sources_1/new/top_module.vhd:108]
INFO: [Synth 8-638] synthesizing module 'decoder_4bit_to_7seg' [C:/Users/vikto/Experiments/Lab03Ex02/Lab03Ex02.srcs/sources_1/imports/Reusables/decoder_4bit_to_7seg.vhd:10]
INFO: [Synth 8-226] default block is never used [C:/Users/vikto/Experiments/Lab03Ex02/Lab03Ex02.srcs/sources_1/imports/Reusables/decoder_4bit_to_7seg.vhd:17]
INFO: [Synth 8-256] done synthesizing module 'decoder_4bit_to_7seg' (0#1) [C:/Users/vikto/Experiments/Lab03Ex02/Lab03Ex02.srcs/sources_1/imports/Reusables/decoder_4bit_to_7seg.vhd:10]
INFO: [Synth 8-3491] module 'mux_8x7seg' declared at 'C:/Users/vikto/Experiments/Lab03Ex02/Lab03Ex02.srcs/sources_1/imports/Reusables/mux_8x7seg.vhd:4' bound to instance 'MUX' of component 'mux_8x7seg' [C:/Users/vikto/Experiments/Lab03Ex02/Lab03Ex02.srcs/sources_1/new/top_module.vhd:114]
INFO: [Synth 8-638] synthesizing module 'mux_8x7seg' [C:/Users/vikto/Experiments/Lab03Ex02/Lab03Ex02.srcs/sources_1/imports/Reusables/mux_8x7seg.vhd:20]
	Parameter limit bound to: 100000 - type: integer 
INFO: [Synth 8-3491] module 'clk_divider' declared at 'C:/Users/vikto/Experiments/Lab03Ex02/Lab03Ex02.srcs/sources_1/imports/Reusables/clk_divider.vhd:5' bound to instance 'CLK256Hz' of component 'clk_divider' [C:/Users/vikto/Experiments/Lab03Ex02/Lab03Ex02.srcs/sources_1/imports/Reusables/mux_8x7seg.vhd:35]
INFO: [Synth 8-638] synthesizing module 'clk_divider__parameterized1' [C:/Users/vikto/Experiments/Lab03Ex02/Lab03Ex02.srcs/sources_1/imports/Reusables/clk_divider.vhd:12]
	Parameter limit bound to: 100000 - type: integer 
INFO: [Synth 8-256] done synthesizing module 'clk_divider__parameterized1' (0#1) [C:/Users/vikto/Experiments/Lab03Ex02/Lab03Ex02.srcs/sources_1/imports/Reusables/clk_divider.vhd:12]
INFO: [Synth 8-256] done synthesizing module 'mux_8x7seg' (0#1) [C:/Users/vikto/Experiments/Lab03Ex02/Lab03Ex02.srcs/sources_1/imports/Reusables/mux_8x7seg.vhd:20]
INFO: [Synth 8-256] done synthesizing module 'top_module' (0#1) [C:/Users/vikto/Experiments/Lab03Ex02/Lab03Ex02.srcs/sources_1/new/top_module.vhd:44]
---------------------------------------------------------------------------------
Finished RTL Elaboration : Time (s): cpu = 00:00:13 ; elapsed = 00:00:16 . Memory (MB): peak = 1300.164 ; gain = 498.535
---------------------------------------------------------------------------------
---------------------------------------------------------------------------------
Start Handling Custom Attributes
---------------------------------------------------------------------------------
---------------------------------------------------------------------------------
Finished Handling Custom Attributes : Time (s): cpu = 00:00:13 ; elapsed = 00:00:16 . Memory (MB): peak = 1300.164 ; gain = 498.535
---------------------------------------------------------------------------------
---------------------------------------------------------------------------------
Finished RTL Optimization Phase 1 : Time (s): cpu = 00:00:13 ; elapsed = 00:00:16 . Memory (MB): peak = 1300.164 ; gain = 498.535
---------------------------------------------------------------------------------
Netlist sorting complete. Time (s): cpu = 00:00:00 ; elapsed = 00:00:00.003 . Memory (MB): peak = 1300.164 ; gain = 0.000
INFO: [Project 1-570] Preparing netlist for logic optimization

Processing XDC Constraints
Initializing timing engine
Parsing XDC File [C:/Users/vikto/Experiments/Lab03Ex02/Lab03Ex02.srcs/constrs_1/imports/Reusables/Nexys-A7-100T-Master.xdc]
Finished Parsing XDC File [C:/Users/vikto/Experiments/Lab03Ex02/Lab03Ex02.srcs/constrs_1/imports/Reusables/Nexys-A7-100T-Master.xdc]
INFO: [Project 1-236] Implementation specific constraints were found while reading constraint file [C:/Users/vikto/Experiments/Lab03Ex02/Lab03Ex02.srcs/constrs_1/imports/Reusables/Nexys-A7-100T-Master.xdc]. These constraints will be ignored for synthesis but will be used in implementation. Impacted constraints are listed in the file [.Xil/top_module_propImpl.xdc].
Resolution: To avoid this warning, move constraints listed in [.Xil/top_module_propImpl.xdc] to another XDC file and exclude this new file from synthesis with the used_in_synthesis property (File Properties dialog in GUI) and re-run elaboration/synthesis.
Completed Processing XDC Constraints

Netlist sorting complete. Time (s): cpu = 00:00:00 ; elapsed = 00:00:00.001 . Memory (MB): peak = 1355.863 ; gain = 0.000
INFO: [Project 1-111] Unisim Transformation Summary:
No Unisim elements were transformed.

Constraint Validation Runtime : Time (s): cpu = 00:00:00 ; elapsed = 00:00:00.006 . Memory (MB): peak = 1355.863 ; gain = 0.000
INFO: [Designutils 20-5440] No compile time benefit to using incremental synthesis; A full resynthesis will be run
INFO: [Designutils 20-4379] Flow is switching to default flow due to incremental criteria not met. If you would like to alter this behaviour and have the flow terminate instead, please set the following parameter config_implementation {autoIncr.Synth.RejectBehavior Terminate}
INFO: [Synth 8-11241] undeclared symbol 'REGCCE', assumed default net type 'wire' [C:/Xilinx/Vivado/2022.2/data/verilog/src/unimacro/BRAM_SINGLE_MACRO.v:2170]
---------------------------------------------------------------------------------
Finished Constraint Validation : Time (s): cpu = 00:00:28 ; elapsed = 00:00:34 . Memory (MB): peak = 1355.863 ; gain = 554.234
---------------------------------------------------------------------------------
---------------------------------------------------------------------------------
Start Loading Part and Timing Information
---------------------------------------------------------------------------------
Loading part: xc7a100tcsg324-1
---------------------------------------------------------------------------------
Finished Loading Part and Timing Information : Time (s): cpu = 00:00:28 ; elapsed = 00:00:34 . Memory (MB): peak = 1355.863 ; gain = 554.234
---------------------------------------------------------------------------------
---------------------------------------------------------------------------------
Start Applying 'set_property' XDC Constraints
---------------------------------------------------------------------------------
---------------------------------------------------------------------------------
Finished applying 'set_property' XDC Constraints : Time (s): cpu = 00:00:28 ; elapsed = 00:00:34 . Memory (MB): peak = 1355.863 ; gain = 554.234
---------------------------------------------------------------------------------
---------------------------------------------------------------------------------
Finished RTL Optimization Phase 2 : Time (s): cpu = 00:00:29 ; elapsed = 00:00:36 . Memory (MB): peak = 1355.863 ; gain = 554.234
---------------------------------------------------------------------------------
---------------------------------------------------------------------------------
Start RTL Component Statistics 
---------------------------------------------------------------------------------
Detailed RTL Component Info : 
+---Adders : 
	   2 Input   19 Bit       Adders := 1     
	   2 Input   17 Bit       Adders := 1     
	   2 Input    4 Bit       Adders := 6     
	   2 Input    3 Bit       Adders := 2     
+---Registers : 
	               19 Bit    Registers := 1     
	               17 Bit    Registers := 1     
	                8 Bit    Registers := 1     
	                4 Bit    Registers := 7     
	                3 Bit    Registers := 2     
	                1 Bit    Registers := 9     
+---Muxes : 
	   2 Input   19 Bit        Muxes := 1     
	   2 Input   17 Bit        Muxes := 1     
	   2 Input    4 Bit        Muxes := 6     
	   2 Input    3 Bit        Muxes := 2     
	   9 Input    1 Bit        Muxes := 2     
	   2 Input    1 Bit        Muxes := 6     
---------------------------------------------------------------------------------
Finished RTL Component Statistics 
---------------------------------------------------------------------------------
---------------------------------------------------------------------------------
Start Part Resource Summary
---------------------------------------------------------------------------------
Part Resources:
DSPs: 240 (col length:80)
BRAMs: 270 (col length: RAMB18 80 RAMB36 40)
---------------------------------------------------------------------------------
Finished Part Resource Summary
---------------------------------------------------------------------------------
---------------------------------------------------------------------------------
Start Cross Boundary and Area Optimization
---------------------------------------------------------------------------------
WARNING: [Synth 8-7080] Parallel synthesis criteria is not met
---------------------------------------------------------------------------------
Finished Cross Boundary and Area Optimization : Time (s): cpu = 00:00:33 ; elapsed = 00:00:40 . Memory (MB): peak = 1355.863 ; gain = 554.234
---------------------------------------------------------------------------------
---------------------------------------------------------------------------------
Start Applying XDC Timing Constraints
---------------------------------------------------------------------------------
---------------------------------------------------------------------------------
Finished Applying XDC Timing Constraints : Time (s): cpu = 00:00:42 ; elapsed = 00:00:49 . Memory (MB): peak = 1355.863 ; gain = 554.234
---------------------------------------------------------------------------------
---------------------------------------------------------------------------------
Start Timing Optimization
---------------------------------------------------------------------------------
---------------------------------------------------------------------------------
Finished Timing Optimization : Time (s): cpu = 00:00:42 ; elapsed = 00:00:49 . Memory (MB): peak = 1355.863 ; gain = 554.234
---------------------------------------------------------------------------------
---------------------------------------------------------------------------------
Start Technology Mapping
---------------------------------------------------------------------------------
---------------------------------------------------------------------------------
Finished Technology Mapping : Time (s): cpu = 00:00:42 ; elapsed = 00:00:49 . Memory (MB): peak = 1355.863 ; gain = 554.234
---------------------------------------------------------------------------------
---------------------------------------------------------------------------------
Start IO Insertion
---------------------------------------------------------------------------------
---------------------------------------------------------------------------------
Start Flattening Before IO Insertion
---------------------------------------------------------------------------------
---------------------------------------------------------------------------------
Finished Flattening Before IO Insertion
---------------------------------------------------------------------------------
---------------------------------------------------------------------------------
Start Final Netlist Cleanup
---------------------------------------------------------------------------------
---------------------------------------------------------------------------------
Finished Final Netlist Cleanup
---------------------------------------------------------------------------------
---------------------------------------------------------------------------------
Finished IO Insertion : Time (s): cpu = 00:00:50 ; elapsed = 00:00:57 . Memory (MB): peak = 1355.863 ; gain = 554.234
---------------------------------------------------------------------------------
---------------------------------------------------------------------------------
Start Renaming Generated Instances
---------------------------------------------------------------------------------
---------------------------------------------------------------------------------
Finished Renaming Generated Instances : Time (s): cpu = 00:00:50 ; elapsed = 00:00:57 . Memory (MB): peak = 1355.863 ; gain = 554.234
---------------------------------------------------------------------------------
---------------------------------------------------------------------------------
Start Rebuilding User Hierarchy
---------------------------------------------------------------------------------
---------------------------------------------------------------------------------
Finished Rebuilding User Hierarchy : Time (s): cpu = 00:00:50 ; elapsed = 00:00:57 . Memory (MB): peak = 1355.863 ; gain = 554.234
---------------------------------------------------------------------------------
---------------------------------------------------------------------------------
Start Renaming Generated Ports
---------------------------------------------------------------------------------
---------------------------------------------------------------------------------
Finished Renaming Generated Ports : Time (s): cpu = 00:00:50 ; elapsed = 00:00:57 . Memory (MB): peak = 1355.863 ; gain = 554.234
---------------------------------------------------------------------------------
---------------------------------------------------------------------------------
Start Handling Custom Attributes
---------------------------------------------------------------------------------
---------------------------------------------------------------------------------
Finished Handling Custom Attributes : Time (s): cpu = 00:00:50 ; elapsed = 00:00:57 . Memory (MB): peak = 1355.863 ; gain = 554.234
---------------------------------------------------------------------------------
---------------------------------------------------------------------------------
Start Renaming Generated Nets
---------------------------------------------------------------------------------
---------------------------------------------------------------------------------
Finished Renaming Generated Nets : Time (s): cpu = 00:00:50 ; elapsed = 00:00:57 . Memory (MB): peak = 1355.863 ; gain = 554.234
---------------------------------------------------------------------------------
---------------------------------------------------------------------------------
Start Writing Synthesis Report
---------------------------------------------------------------------------------

Report BlackBoxes: 
+-+--------------+----------+
| |BlackBox name |Instances |
+-+--------------+----------+
+-+--------------+----------+

Report Cell Usage: 
+------+-------+------+
|      |Cell   |Count |
+------+-------+------+
|1     |BUFG   |     1|
|2     |CARRY4 |     9|
|3     |LUT1   |    11|
|4     |LUT2   |     4|
|5     |LUT3   |    17|
|6     |LUT4   |    27|
|7     |LUT5   |    26|
|8     |LUT6   |    27|
|9     |MUXF7  |     3|
|10    |FDCE   |    65|
|11    |FDPE   |     3|
|12    |FDRE   |    11|
|13    |FDSE   |     8|
|14    |IBUF   |     3|
|15    |OBUF   |    22|
+------+-------+------+
---------------------------------------------------------------------------------
Finished Writing Synthesis Report : Time (s): cpu = 00:00:50 ; elapsed = 00:00:57 . Memory (MB): peak = 1355.863 ; gain = 554.234
---------------------------------------------------------------------------------
Synthesis finished with 0 errors, 0 critical warnings and 1 warnings.
Synthesis Optimization Runtime : Time (s): cpu = 00:00:33 ; elapsed = 00:00:53 . Memory (MB): peak = 1355.863 ; gain = 498.535
Synthesis Optimization Complete : Time (s): cpu = 00:00:50 ; elapsed = 00:00:58 . Memory (MB): peak = 1355.863 ; gain = 554.234
INFO: [Project 1-571] Translating synthesized netlist
Netlist sorting complete. Time (s): cpu = 00:00:00 ; elapsed = 00:00:00.003 . Memory (MB): peak = 1355.863 ; gain = 0.000
INFO: [Netlist 29-17] Analyzing 12 Unisim elements for replacement
INFO: [Netlist 29-28] Unisim Transformation completed in 0 CPU seconds
INFO: [Project 1-570] Preparing netlist for logic optimization
INFO: [Opt 31-138] Pushed 0 inverter(s) to 0 load pin(s).
Netlist sorting complete. Time (s): cpu = 00:00:00 ; elapsed = 00:00:00 . Memory (MB): peak = 1355.863 ; gain = 0.000
INFO: [Project 1-111] Unisim Transformation Summary:
No Unisim elements were transformed.

Synth Design complete, checksum: be1a2633
INFO: [Common 17-83] Releasing license: Synthesis
38 Infos, 1 Warnings, 0 Critical Warnings and 0 Errors encountered.
synth_design completed successfully
synth_design: Time (s): cpu = 00:00:58 ; elapsed = 00:01:07 . Memory (MB): peak = 1355.863 ; gain = 948.633
INFO: [Common 17-1381] The checkpoint 'C:/Users/vikto/Experiments/Lab03Ex02/Lab03Ex02.runs/synth_1/top_module.dcp' has been generated.
INFO: [runtcl-4] Executing : report_utilization -file top_module_utilization_synth.rpt -pb top_module_utilization_synth.pb
INFO: [Common 17-206] Exiting Vivado at Thu Nov 17 16:59:23 2022...
